<?xml version="1.0" encoding="UTF-8"?>
<coverage generated="%i">
    <project timestamp="%i" name="BankAccount">
        <metrics files="1" loc="33" ncloc="33" classes="1" methods="4" coveredmethods="3" conditionals="0"
                 coveredconditionals="0" statements="10" coveredstatements="5" elements="14" coveredelements="8">
            <package name="bank.service">
                <metrics statements="1" coveredstatements="1" conditionals="0" coveredconditionals="0" methods="0" coveredmethods="0"/>
                <file name="bank.js" path="/app/service/bank.js">
                    <metrics statements="1" coveredstatements="1" conditionals="0" coveredconditionals="0" methods="0" coveredmethods="0"/>
                    <line num="7" count="3" type="stmt"/>
                </file>
            </package>
            <package name="bank.controller">
                <metrics statements="182" coveredstatements="100" conditionals="88" coveredconditionals="44" methods="53" coveredmethods="36"/>
                <file name="bank.js" path="/app/controller/bank.js">
                    <metrics statements="5" coveredstatements="3" conditionals="9" coveredconditionals="5" methods="1" coveredmethods="1"/>
                    <line num="4" count="6" type="stmt"/>
                    <line num="6" count="6" type="stmt"/>
                    <line num="9" count="24" type="cond" truecount="1" falsecount="1"/>
                </file>
                <file name="account.js" path="/app/controller/account.js">
                    <metrics statements="8" coveredstatements="3" conditionals="9" coveredconditionals="5" methods="1" coveredmethods="1"/>
                    <line num="4" count="6" type="stmt"/>
                    <line num="6" count="6" type="stmt"/>
                    <line num="9" count="24" type="cond" truecount="1" falsecount="1"/>
                </file>
            </package>
        </metrics>
    </project>
</coverage>